
*** Running vivado
    with args -log design_1_wrapper.vds -m64 -product Vivado -mode batch -messageDb vivado.pb -notrace -source design_1_wrapper.tcl


ECHO is off.
ECHO is off.

****** Vivado v2023.2 (64-bit)
  **** SW Build 4029153 on Fri Oct 13 20:14:34 MDT 2023
  **** IP Build 4028589 on Sat Oct 14 00:45:43 MDT 2023
  **** SharedData Build 4025554 on Tue Oct 10 17:18:54 MDT 2023
    ** Copyright 1986-2022 Xilinx, Inc. All Rights Reserved.
    ** Copyright 2022-2023 Advanced Micro Devices, Inc. All Rights Reserved.

source design_1_wrapper.tcl -notrace
INFO: [IP_Flow 19-234] Refreshing IP repositories
INFO: [IP_Flow 19-1704] No user IP repositories specified
INFO: [IP_Flow 19-2313] Loaded Vivado IP repository 'C:/Xilinx/Vivado/2023.2/data/ip'.
Command: synth_design -top design_1_wrapper -part xc7a35tcpg236-1
Starting synth_design
Attempting to get a license for feature 'Synthesis' and/or device 'xc7a35t'
INFO: [Common 17-349] Got license for feature 'Synthesis' and/or device 'xc7a35t'
INFO: [Device 21-403] Loading part xc7a35tcpg236-1
INFO: [Synth 8-7079] Multithreading enabled for synth_design using a maximum of 2 processes.
INFO: [Synth 8-7078] Launching helper process for spawning children vivado processes
INFO: [Synth 8-7075] Helper process launched with PID 19416
---------------------------------------------------------------------------------
Starting RTL Elaboration : Time (s): cpu = 00:00:02 ; elapsed = 00:00:03 . Memory (MB): peak = 1419.223 ; gain = 438.156
---------------------------------------------------------------------------------
INFO: [Synth 8-6157] synthesizing module 'design_1_wrapper' [c:/Users/z004zyde/Desktop/JTAG_learning/JTAG_learning.gen/sources_1/bd/design_1/hdl/design_1_wrapper.v:13]
INFO: [Synth 8-6157] synthesizing module 'design_1' [c:/Users/z004zyde/Desktop/JTAG_learning/JTAG_learning.gen/sources_1/bd/design_1/synth/design_1.v:13]
INFO: [Synth 8-6157] synthesizing module 'design_1_axi_gpio_0_0' [C:/Users/z004zyde/Desktop/JTAG_learning/JTAG_learning.runs/synth_1/.Xil/Vivado-21148-DISWFZW1D44/realtime/design_1_axi_gpio_0_0_stub.v:6]
INFO: [Synth 8-6155] done synthesizing module 'design_1_axi_gpio_0_0' (0#1) [C:/Users/z004zyde/Desktop/JTAG_learning/JTAG_learning.runs/synth_1/.Xil/Vivado-21148-DISWFZW1D44/realtime/design_1_axi_gpio_0_0_stub.v:6]
INFO: [Synth 8-6157] synthesizing module 'design_1_clk_wiz_0' [C:/Users/z004zyde/Desktop/JTAG_learning/JTAG_learning.runs/synth_1/.Xil/Vivado-21148-DISWFZW1D44/realtime/design_1_clk_wiz_0_stub.v:6]
INFO: [Synth 8-6155] done synthesizing module 'design_1_clk_wiz_0' (0#1) [C:/Users/z004zyde/Desktop/JTAG_learning/JTAG_learning.runs/synth_1/.Xil/Vivado-21148-DISWFZW1D44/realtime/design_1_clk_wiz_0_stub.v:6]
INFO: [Synth 8-6157] synthesizing module 'design_1_jtag_axi_0_0' [C:/Users/z004zyde/Desktop/JTAG_learning/JTAG_learning.runs/synth_1/.Xil/Vivado-21148-DISWFZW1D44/realtime/design_1_jtag_axi_0_0_stub.v:6]
INFO: [Synth 8-6155] done synthesizing module 'design_1_jtag_axi_0_0' (0#1) [C:/Users/z004zyde/Desktop/JTAG_learning/JTAG_learning.runs/synth_1/.Xil/Vivado-21148-DISWFZW1D44/realtime/design_1_jtag_axi_0_0_stub.v:6]
INFO: [Synth 8-6157] synthesizing module 'design_1_jtag_axi_0_axi_periph_0' [c:/Users/z004zyde/Desktop/JTAG_learning/JTAG_learning.gen/sources_1/bd/design_1/synth/design_1.v:222]
INFO: [Synth 8-6157] synthesizing module 's00_couplers_imp_1UACJD2' [c:/Users/z004zyde/Desktop/JTAG_learning/JTAG_learning.gen/sources_1/bd/design_1/synth/design_1.v:522]
INFO: [Synth 8-6157] synthesizing module 'design_1_auto_pc_0' [C:/Users/z004zyde/Desktop/JTAG_learning/JTAG_learning.runs/synth_1/.Xil/Vivado-21148-DISWFZW1D44/realtime/design_1_auto_pc_0_stub.v:6]
INFO: [Synth 8-6155] done synthesizing module 'design_1_auto_pc_0' (0#1) [C:/Users/z004zyde/Desktop/JTAG_learning/JTAG_learning.runs/synth_1/.Xil/Vivado-21148-DISWFZW1D44/realtime/design_1_auto_pc_0_stub.v:6]
WARNING: [Synth 8-7071] port 'm_axi_awprot' of module 'design_1_auto_pc_0' is unconnected for instance 'auto_pc' [c:/Users/z004zyde/Desktop/JTAG_learning/JTAG_learning.gen/sources_1/bd/design_1/synth/design_1.v:753]
WARNING: [Synth 8-7071] port 'm_axi_arprot' of module 'design_1_auto_pc_0' is unconnected for instance 'auto_pc' [c:/Users/z004zyde/Desktop/JTAG_learning/JTAG_learning.gen/sources_1/bd/design_1/synth/design_1.v:753]
WARNING: [Synth 8-7023] instance 'auto_pc' of module 'design_1_auto_pc_0' has 60 connections declared, but only 58 given [c:/Users/z004zyde/Desktop/JTAG_learning/JTAG_learning.gen/sources_1/bd/design_1/synth/design_1.v:753]
INFO: [Synth 8-6155] done synthesizing module 's00_couplers_imp_1UACJD2' (0#1) [c:/Users/z004zyde/Desktop/JTAG_learning/JTAG_learning.gen/sources_1/bd/design_1/synth/design_1.v:522]
INFO: [Synth 8-6155] done synthesizing module 'design_1_jtag_axi_0_axi_periph_0' (0#1) [c:/Users/z004zyde/Desktop/JTAG_learning/JTAG_learning.gen/sources_1/bd/design_1/synth/design_1.v:222]
INFO: [Synth 8-6157] synthesizing module 'design_1_rst_clk_wiz_100M_0' [C:/Users/z004zyde/Desktop/JTAG_learning/JTAG_learning.runs/synth_1/.Xil/Vivado-21148-DISWFZW1D44/realtime/design_1_rst_clk_wiz_100M_0_stub.v:6]
INFO: [Synth 8-6155] done synthesizing module 'design_1_rst_clk_wiz_100M_0' (0#1) [C:/Users/z004zyde/Desktop/JTAG_learning/JTAG_learning.runs/synth_1/.Xil/Vivado-21148-DISWFZW1D44/realtime/design_1_rst_clk_wiz_100M_0_stub.v:6]
WARNING: [Synth 8-7071] port 'mb_reset' of module 'design_1_rst_clk_wiz_100M_0' is unconnected for instance 'rst_clk_wiz_100M' [c:/Users/z004zyde/Desktop/JTAG_learning/JTAG_learning.gen/sources_1/bd/design_1/synth/design_1.v:213]
WARNING: [Synth 8-7071] port 'bus_struct_reset' of module 'design_1_rst_clk_wiz_100M_0' is unconnected for instance 'rst_clk_wiz_100M' [c:/Users/z004zyde/Desktop/JTAG_learning/JTAG_learning.gen/sources_1/bd/design_1/synth/design_1.v:213]
WARNING: [Synth 8-7071] port 'peripheral_reset' of module 'design_1_rst_clk_wiz_100M_0' is unconnected for instance 'rst_clk_wiz_100M' [c:/Users/z004zyde/Desktop/JTAG_learning/JTAG_learning.gen/sources_1/bd/design_1/synth/design_1.v:213]
WARNING: [Synth 8-7071] port 'interconnect_aresetn' of module 'design_1_rst_clk_wiz_100M_0' is unconnected for instance 'rst_clk_wiz_100M' [c:/Users/z004zyde/Desktop/JTAG_learning/JTAG_learning.gen/sources_1/bd/design_1/synth/design_1.v:213]
WARNING: [Synth 8-7023] instance 'rst_clk_wiz_100M' of module 'design_1_rst_clk_wiz_100M_0' has 10 connections declared, but only 6 given [c:/Users/z004zyde/Desktop/JTAG_learning/JTAG_learning.gen/sources_1/bd/design_1/synth/design_1.v:213]
INFO: [Synth 8-6155] done synthesizing module 'design_1' (0#1) [c:/Users/z004zyde/Desktop/JTAG_learning/JTAG_learning.gen/sources_1/bd/design_1/synth/design_1.v:13]
INFO: [Synth 8-6155] done synthesizing module 'design_1_wrapper' (0#1) [c:/Users/z004zyde/Desktop/JTAG_learning/JTAG_learning.gen/sources_1/bd/design_1/hdl/design_1_wrapper.v:13]
WARNING: [Synth 8-7129] Port M_ACLK in module s00_couplers_imp_1UACJD2 is either unconnected or has no load
WARNING: [Synth 8-7129] Port M_ARESETN in module s00_couplers_imp_1UACJD2 is either unconnected or has no load
WARNING: [Synth 8-7129] Port ACLK in module design_1_jtag_axi_0_axi_periph_0 is either unconnected or has no load
WARNING: [Synth 8-7129] Port ARESETN in module design_1_jtag_axi_0_axi_periph_0 is either unconnected or has no load
---------------------------------------------------------------------------------
Finished RTL Elaboration : Time (s): cpu = 00:00:03 ; elapsed = 00:00:05 . Memory (MB): peak = 1530.582 ; gain = 549.516
---------------------------------------------------------------------------------
---------------------------------------------------------------------------------
Start Handling Custom Attributes
---------------------------------------------------------------------------------
---------------------------------------------------------------------------------
Finished Handling Custom Attributes : Time (s): cpu = 00:00:03 ; elapsed = 00:00:05 . Memory (MB): peak = 1530.582 ; gain = 549.516
---------------------------------------------------------------------------------
---------------------------------------------------------------------------------
Finished RTL Optimization Phase 1 : Time (s): cpu = 00:00:03 ; elapsed = 00:00:05 . Memory (MB): peak = 1530.582 ; gain = 549.516
---------------------------------------------------------------------------------
Netlist sorting complete. Time (s): cpu = 00:00:00 ; elapsed = 00:00:00.007 . Memory (MB): peak = 1530.582 ; gain = 0.000
INFO: [Project 1-570] Preparing netlist for logic optimization

Processing XDC Constraints
Initializing timing engine
Parsing XDC File [c:/Users/z004zyde/Desktop/JTAG_learning/JTAG_learning.gen/sources_1/bd/design_1/ip/design_1_jtag_axi_0_0/design_1_jtag_axi_0_0/design_1_jtag_axi_0_0_in_context.xdc] for cell 'design_1_i/jtag_axi_0'
Finished Parsing XDC File [c:/Users/z004zyde/Desktop/JTAG_learning/JTAG_learning.gen/sources_1/bd/design_1/ip/design_1_jtag_axi_0_0/design_1_jtag_axi_0_0/design_1_jtag_axi_0_0_in_context.xdc] for cell 'design_1_i/jtag_axi_0'
Parsing XDC File [c:/Users/z004zyde/Desktop/JTAG_learning/JTAG_learning.gen/sources_1/bd/design_1/ip/design_1_axi_gpio_0_0/design_1_axi_gpio_0_0/design_1_axi_gpio_0_0_in_context.xdc] for cell 'design_1_i/axi_gpio_0'
Finished Parsing XDC File [c:/Users/z004zyde/Desktop/JTAG_learning/JTAG_learning.gen/sources_1/bd/design_1/ip/design_1_axi_gpio_0_0/design_1_axi_gpio_0_0/design_1_axi_gpio_0_0_in_context.xdc] for cell 'design_1_i/axi_gpio_0'
Parsing XDC File [c:/Users/z004zyde/Desktop/JTAG_learning/JTAG_learning.gen/sources_1/bd/design_1/ip/design_1_auto_pc_0/design_1_auto_pc_0/design_1_auto_pc_0_in_context.xdc] for cell 'design_1_i/jtag_axi_0_axi_periph/s00_couplers/auto_pc'
Finished Parsing XDC File [c:/Users/z004zyde/Desktop/JTAG_learning/JTAG_learning.gen/sources_1/bd/design_1/ip/design_1_auto_pc_0/design_1_auto_pc_0/design_1_auto_pc_0_in_context.xdc] for cell 'design_1_i/jtag_axi_0_axi_periph/s00_couplers/auto_pc'
Parsing XDC File [c:/Users/z004zyde/Desktop/JTAG_learning/JTAG_learning.gen/sources_1/bd/design_1/ip/design_1_clk_wiz_0/design_1_clk_wiz_0/design_1_clk_wiz_0_in_context.xdc] for cell 'design_1_i/clk_wiz'
Finished Parsing XDC File [c:/Users/z004zyde/Desktop/JTAG_learning/JTAG_learning.gen/sources_1/bd/design_1/ip/design_1_clk_wiz_0/design_1_clk_wiz_0/design_1_clk_wiz_0_in_context.xdc] for cell 'design_1_i/clk_wiz'
Parsing XDC File [c:/Users/z004zyde/Desktop/JTAG_learning/JTAG_learning.gen/sources_1/bd/design_1/ip/design_1_rst_clk_wiz_100M_0/design_1_rst_clk_wiz_100M_0/design_1_rst_clk_wiz_100M_0_in_context.xdc] for cell 'design_1_i/rst_clk_wiz_100M'
Finished Parsing XDC File [c:/Users/z004zyde/Desktop/JTAG_learning/JTAG_learning.gen/sources_1/bd/design_1/ip/design_1_rst_clk_wiz_100M_0/design_1_rst_clk_wiz_100M_0/design_1_rst_clk_wiz_100M_0_in_context.xdc] for cell 'design_1_i/rst_clk_wiz_100M'
Parsing XDC File [C:/Users/z004zyde/Desktop/JTAG_learning/JTAG_learning.srcs/constrs_1/new/gpioaxi.xdc]
Finished Parsing XDC File [C:/Users/z004zyde/Desktop/JTAG_learning/JTAG_learning.srcs/constrs_1/new/gpioaxi.xdc]
INFO: [Project 1-236] Implementation specific constraints were found while reading constraint file [C:/Users/z004zyde/Desktop/JTAG_learning/JTAG_learning.srcs/constrs_1/new/gpioaxi.xdc]. These constraints will be ignored for synthesis but will be used in implementation. Impacted constraints are listed in the file [.Xil/design_1_wrapper_propImpl.xdc].
Resolution: To avoid this warning, move constraints listed in [.Xil/design_1_wrapper_propImpl.xdc] to another XDC file and exclude this new file from synthesis with the used_in_synthesis property (File Properties dialog in GUI) and re-run elaboration/synthesis.
Parsing XDC File [C:/Users/z004zyde/Desktop/JTAG_learning/JTAG_learning.runs/synth_1/dont_touch.xdc]
Finished Parsing XDC File [C:/Users/z004zyde/Desktop/JTAG_learning/JTAG_learning.runs/synth_1/dont_touch.xdc]
Completed Processing XDC Constraints

Netlist sorting complete. Time (s): cpu = 00:00:00 ; elapsed = 00:00:00 . Memory (MB): peak = 1544.965 ; gain = 0.000
INFO: [Project 1-111] Unisim Transformation Summary:
No Unisim elements were transformed.

The system cannot find the path specified.
Constraint Validation Runtime : Time (s): cpu = 00:00:00 ; elapsed = 00:00:00.009 . Memory (MB): peak = 1544.965 ; gain = 0.000
---------------------------------------------------------------------------------
Finished Constraint Validation : Time (s): cpu = 00:00:06 ; elapsed = 00:00:10 . Memory (MB): peak = 1544.965 ; gain = 563.898
---------------------------------------------------------------------------------
---------------------------------------------------------------------------------
Start Loading Part and Timing Information
---------------------------------------------------------------------------------
Loading part: xc7a35tcpg236-1
---------------------------------------------------------------------------------
Finished Loading Part and Timing Information : Time (s): cpu = 00:00:06 ; elapsed = 00:00:10 . Memory (MB): peak = 1544.965 ; gain = 563.898
---------------------------------------------------------------------------------
---------------------------------------------------------------------------------
Start Applying 'set_property' XDC Constraints
---------------------------------------------------------------------------------
Applied set_property IO_BUFFER_TYPE = NONE for clk. (constraint file  c:/Users/z004zyde/Desktop/JTAG_learning/JTAG_learning.gen/sources_1/bd/design_1/ip/design_1_clk_wiz_0/design_1_clk_wiz_0/design_1_clk_wiz_0_in_context.xdc, line 3).
Applied set_property CLOCK_BUFFER_TYPE = NONE for clk. (constraint file  c:/Users/z004zyde/Desktop/JTAG_learning/JTAG_learning.gen/sources_1/bd/design_1/ip/design_1_clk_wiz_0/design_1_clk_wiz_0/design_1_clk_wiz_0_in_context.xdc, line 4).
Applied set_property KEEP_HIERARCHY = SOFT for design_1_i. (constraint file  auto generated constraint).
Applied set_property KEEP_HIERARCHY = SOFT for design_1_i/jtag_axi_0. (constraint file  auto generated constraint).
Applied set_property KEEP_HIERARCHY = SOFT for design_1_i/axi_gpio_0. (constraint file  auto generated constraint).
Applied set_property KEEP_HIERARCHY = SOFT for design_1_i/jtag_axi_0_axi_periph/s00_couplers/auto_pc. (constraint file  auto generated constraint).
Applied set_property KEEP_HIERARCHY = SOFT for design_1_i/jtag_axi_0_axi_periph. (constraint file  auto generated constraint).
Applied set_property KEEP_HIERARCHY = SOFT for design_1_i/clk_wiz. (constraint file  auto generated constraint).
Applied set_property KEEP_HIERARCHY = SOFT for design_1_i/rst_clk_wiz_100M. (constraint file  auto generated constraint).
---------------------------------------------------------------------------------
Finished applying 'set_property' XDC Constraints : Time (s): cpu = 00:00:06 ; elapsed = 00:00:10 . Memory (MB): peak = 1544.965 ; gain = 563.898
---------------------------------------------------------------------------------
---------------------------------------------------------------------------------
Finished RTL Optimization Phase 2 : Time (s): cpu = 00:00:06 ; elapsed = 00:00:10 . Memory (MB): peak = 1544.965 ; gain = 563.898
---------------------------------------------------------------------------------
---------------------------------------------------------------------------------
Start RTL Component Statistics 
---------------------------------------------------------------------------------
Detailed RTL Component Info : 
---------------------------------------------------------------------------------
Finished RTL Component Statistics 
---------------------------------------------------------------------------------
---------------------------------------------------------------------------------
Start Part Resource Summary
---------------------------------------------------------------------------------
Part Resources:
DSPs: 90 (col length:60)
BRAMs: 100 (col length: RAMB18 60 RAMB36 30)
---------------------------------------------------------------------------------
Finished Part Resource Summary
---------------------------------------------------------------------------------
---------------------------------------------------------------------------------
Start Cross Boundary and Area Optimization
---------------------------------------------------------------------------------
WARNING: [Synth 8-7080] Parallel synthesis criteria is not met
WARNING: [Synth 8-7129] Port ACLK in module design_1_jtag_axi_0_axi_periph_0 is either unconnected or has no load
WARNING: [Synth 8-7129] Port ARESETN in module design_1_jtag_axi_0_axi_periph_0 is either unconnected or has no load
WARNING: [Synth 8-7129] Port M00_ACLK in module design_1_jtag_axi_0_axi_periph_0 is either unconnected or has no load
WARNING: [Synth 8-7129] Port M00_ARESETN in module design_1_jtag_axi_0_axi_periph_0 is either unconnected or has no load
---------------------------------------------------------------------------------
Finished Cross Boundary and Area Optimization : Time (s): cpu = 00:00:07 ; elapsed = 00:00:12 . Memory (MB): peak = 1544.965 ; gain = 563.898
---------------------------------------------------------------------------------
---------------------------------------------------------------------------------
Start Applying XDC Timing Constraints
---------------------------------------------------------------------------------
---------------------------------------------------------------------------------
Finished Applying XDC Timing Constraints : Time (s): cpu = 00:00:09 ; elapsed = 00:00:15 . Memory (MB): peak = 1544.965 ; gain = 563.898
---------------------------------------------------------------------------------
---------------------------------------------------------------------------------
Start Timing Optimization
---------------------------------------------------------------------------------
---------------------------------------------------------------------------------
Finished Timing Optimization : Time (s): cpu = 00:00:09 ; elapsed = 00:00:15 . Memory (MB): peak = 1544.965 ; gain = 563.898
---------------------------------------------------------------------------------
---------------------------------------------------------------------------------
Start Technology Mapping
---------------------------------------------------------------------------------
---------------------------------------------------------------------------------
Finished Technology Mapping : Time (s): cpu = 00:00:09 ; elapsed = 00:00:15 . Memory (MB): peak = 1544.965 ; gain = 563.898
---------------------------------------------------------------------------------
---------------------------------------------------------------------------------
Start IO Insertion
---------------------------------------------------------------------------------
---------------------------------------------------------------------------------
Start Flattening Before IO Insertion
---------------------------------------------------------------------------------
---------------------------------------------------------------------------------
Finished Flattening Before IO Insertion
---------------------------------------------------------------------------------
---------------------------------------------------------------------------------
Start Final Netlist Cleanup
---------------------------------------------------------------------------------
---------------------------------------------------------------------------------
Finished Final Netlist Cleanup
---------------------------------------------------------------------------------
---------------------------------------------------------------------------------
Finished IO Insertion : Time (s): cpu = 00:00:10 ; elapsed = 00:00:18 . Memory (MB): peak = 1544.965 ; gain = 563.898
---------------------------------------------------------------------------------
---------------------------------------------------------------------------------
Start Renaming Generated Instances
---------------------------------------------------------------------------------
---------------------------------------------------------------------------------
Finished Renaming Generated Instances : Time (s): cpu = 00:00:10 ; elapsed = 00:00:18 . Memory (MB): peak = 1544.965 ; gain = 563.898
---------------------------------------------------------------------------------
---------------------------------------------------------------------------------
Start Rebuilding User Hierarchy
---------------------------------------------------------------------------------
---------------------------------------------------------------------------------
Finished Rebuilding User Hierarchy : Time (s): cpu = 00:00:10 ; elapsed = 00:00:18 . Memory (MB): peak = 1544.965 ; gain = 563.898
---------------------------------------------------------------------------------
---------------------------------------------------------------------------------
Start Renaming Generated Ports
---------------------------------------------------------------------------------
---------------------------------------------------------------------------------
Finished Renaming Generated Ports : Time (s): cpu = 00:00:10 ; elapsed = 00:00:18 . Memory (MB): peak = 1544.965 ; gain = 563.898
---------------------------------------------------------------------------------
---------------------------------------------------------------------------------
Start Handling Custom Attributes
---------------------------------------------------------------------------------
---------------------------------------------------------------------------------
Finished Handling Custom Attributes : Time (s): cpu = 00:00:10 ; elapsed = 00:00:18 . Memory (MB): peak = 1544.965 ; gain = 563.898
---------------------------------------------------------------------------------
---------------------------------------------------------------------------------
Start Renaming Generated Nets
---------------------------------------------------------------------------------
---------------------------------------------------------------------------------
Finished Renaming Generated Nets : Time (s): cpu = 00:00:10 ; elapsed = 00:00:18 . Memory (MB): peak = 1544.965 ; gain = 563.898
---------------------------------------------------------------------------------
---------------------------------------------------------------------------------
Start Writing Synthesis Report
---------------------------------------------------------------------------------

Report BlackBoxes: 
+------+----------------------------+----------+
|      |BlackBox name               |Instances |
+------+----------------------------+----------+
|1     |design_1_auto_pc_0          |         1|
|2     |design_1_axi_gpio_0_0       |         1|
|3     |design_1_clk_wiz_0          |         1|
|4     |design_1_jtag_axi_0_0       |         1|
|5     |design_1_rst_clk_wiz_100M_0 |         1|
+------+----------------------------+----------+

Report Cell Usage: 
+------+--------------------------+------+
|      |Cell                      |Count |
+------+--------------------------+------+
|1     |design_1_auto_pc          |     1|
|2     |design_1_axi_gpio_0       |     1|
|3     |design_1_clk_wiz          |     1|
|4     |design_1_jtag_axi_0       |     1|
|5     |design_1_rst_clk_wiz_100M |     1|
|6     |IBUF                      |     1|
|7     |OBUF                      |    16|
+------+--------------------------+------+
---------------------------------------------------------------------------------
Finished Writing Synthesis Report : Time (s): cpu = 00:00:10 ; elapsed = 00:00:18 . Memory (MB): peak = 1544.965 ; gain = 563.898
---------------------------------------------------------------------------------
Synthesis finished with 0 errors, 0 critical warnings and 5 warnings.
Synthesis Optimization Runtime : Time (s): cpu = 00:00:06 ; elapsed = 00:00:16 . Memory (MB): peak = 1544.965 ; gain = 549.516
Synthesis Optimization Complete : Time (s): cpu = 00:00:10 ; elapsed = 00:00:18 . Memory (MB): peak = 1544.965 ; gain = 563.898
INFO: [Project 1-571] Translating synthesized netlist
Netlist sorting complete. Time (s): cpu = 00:00:00 ; elapsed = 00:00:00.006 . Memory (MB): peak = 1556.316 ; gain = 0.000
INFO: [Project 1-570] Preparing netlist for logic optimization
INFO: [Opt 31-138] Pushed 0 inverter(s) to 0 load pin(s).
Netlist sorting complete. Time (s): cpu = 00:00:00 ; elapsed = 00:00:00 . Memory (MB): peak = 1559.910 ; gain = 0.000
INFO: [Project 1-111] Unisim Transformation Summary:
No Unisim elements were transformed.

The system cannot find the path specified.
Synth Design complete | Checksum: 84d80c65
INFO: [Common 17-83] Releasing license: Synthesis
34 Infos, 17 Warnings, 0 Critical Warnings and 0 Errors encountered.
synth_design completed successfully
synth_design: Time (s): cpu = 00:00:12 ; elapsed = 00:00:21 . Memory (MB): peak = 1559.910 ; gain = 965.516
Write ShapeDB Complete: Time (s): cpu = 00:00:00 ; elapsed = 00:00:00.001 . Memory (MB): peak = 1559.910 ; gain = 0.000
INFO: [Common 17-1381] The checkpoint 'C:/Users/z004zyde/Desktop/JTAG_learning/JTAG_learning.runs/synth_1/design_1_wrapper.dcp' has been generated.
INFO: [runtcl-4] Executing : report_utilization -file design_1_wrapper_utilization_synth.rpt -pb design_1_wrapper_utilization_synth.pb
INFO: [Common 17-206] Exiting Vivado at Mon Aug 19 15:44:40 2024...
